TN:
SF:src/APIrouter.js
FN:7,(anonymous_0)
FNF:1
FNH:0
FNDA:0,(anonymous_0)
DA:1,1
DA:5,1
DA:7,1
DA:8,0
DA:11,1
LF:5
LH:4
BRF:0
BRH:0
end_of_record
TN:
SF:src/index.js
FN:22,normalizePort
FN:38,defaultPortWarning
FN:66,(anonymous_2)
FNF:3
FNH:3
FNDA:1,normalizePort
FNDA:1,defaultPortWarning
FNDA:1,(anonymous_2)
DA:2,1
DA:3,1
DA:4,1
DA:5,1
DA:12,1
DA:14,1
DA:16,1
DA:17,1
DA:19,1
DA:23,1
DA:25,1
DA:27,0
DA:30,1
DA:32,1
DA:35,0
DA:39,1
DA:40,0
DA:42,1
DA:48,1
DA:50,1
DA:51,1
DA:53,0
DA:54,0
DA:57,1
DA:59,1
DA:61,1
DA:66,1
DA:67,1
DA:68,1
DA:69,1
DA:70,1
DA:71,1
DA:72,1
DA:73,1
DA:74,1
DA:77,1
LF:36
LH:31
BRDA:16,0,0,1
BRDA:16,0,1,0
BRDA:19,1,0,1
BRDA:19,1,1,0
BRDA:25,2,0,0
BRDA:25,2,1,1
BRDA:30,3,0,1
BRDA:30,3,1,0
BRDA:39,4,0,0
BRDA:39,4,1,1
BRDA:50,5,0,1
BRDA:50,5,1,0
BRDA:53,6,0,0
BRDA:53,6,1,0
BRF:14
BRH:6
end_of_record
